elDirectorioMX/build/outputs/logs/manifest-merger-release-report.txt
-- Merging decision tree log ---
manifest
ADDED from AndroidManifest.xml:2:1
	package
		ADDED from AndroidManifest.xml:4:5
	android:versionName
		ADDED from AndroidManifest.xml:6:5
		INJECTED from AndroidManifest.xml:0:0
		INJECTED from AndroidManifest.xml:0:0
	xmlns:tools
		ADDED from AndroidManifest.xml:3:5
	android:versionCode
		ADDED from AndroidManifest.xml:5:5
		INJECTED from AndroidManifest.xml:0:0
		INJECTED from AndroidManifest.xml:0:0
	xmlns:android
		ADDED from AndroidManifest.xml:2:11
uses-sdk
ADDED from AndroidManifest.xml:8:5
MERGED from eldirectoriomx:library:unspecified:7:5
MERGED from com.google.android.gms:play-services:7.5.0:18:5
MERGED from com.google.android.gms:play-services-ads:7.5.0:23:5
MERGED from com.google.android.gms:play-services-base:7.5.0:18:5
MERGED from com.android.support:support-v4:22.0.0:20:5
MERGED from com.google.android.gms:play-services-analytics:7.5.0:18:5
MERGED from com.google.android.gms:play-services-base:7.5.0:18:5
MERGED from com.android.support:support-v4:22.0.0:20:5
MERGED from com.google.android.gms:play-services-analytics:7.5.0:18:5
MERGED from com.google.android.gms:play-services-base:7.5.0:18:5
MERGED from com.android.support:support-v4:22.0.0:20:5
MERGED from com.google.android.gms:play-services-appindexing:7.5.0:18:5
MERGED from com.google.android.gms:play-services-base:7.5.0:18:5
MERGED from com.android.support:support-v4:22.0.0:20:5
MERGED from com.google.android.gms:play-services-appinvite:7.5.0:18:5
MERGED from com.google.android.gms:play-services-base:7.5.0:18:5
MERGED from com.android.support:support-v4:22.0.0:20:5
MERGED from com.google.android.gms:play-services-appstate:7.5.0:18:5
MERGED from com.google.android.gms:play-services-base:7.5.0:18:5
MERGED from com.android.support:support-v4:22.0.0:20:5
MERGED from com.google.android.gms:play-services-base:7.5.0:18:5
MERGED from com.android.support:support-v4:22.0.0:20:5
MERGED from com.google.android.gms:play-services-cast:7.5.0:18:5
MERGED from com.google.android.gms:play-services-base:7.5.0:18:5
MERGED from com.android.support:support-v4:22.0.0:20:5
MERGED from com.android.support:mediarouter-v7:22.0.0:20:5
MERGED from com.android.support:appcompat-v7:22.0.0:20:5
MERGED from com.android.support:support-v4:22.0.0:20:5
MERGED from com.google.android.gms:play-services-drive:7.5.0:18:5
MERGED from com.google.android.gms:play-services-base:7.5.0:18:5
MERGED from com.android.support:support-v4:22.0.0:20:5
MERGED from com.google.android.gms:play-services-fitness:7.5.0:18:5
MERGED from com.google.android.gms:play-services-base:7.5.0:18:5
MERGED from com.android.support:support-v4:22.0.0:20:5
MERGED from com.google.android.gms:play-services-location:7.5.0:18:5
MERGED from com.google.android.gms:play-services-base:7.5.0:18:5
MERGED from com.android.support:support-v4:22.0.0:20:5
MERGED from com.google.android.gms:play-services-maps:7.5.0:28:5
MERGED from com.google.android.gms:play-services-base:7.5.0:18:5
MERGED from com.android.support:support-v4:22.0.0:20:5
MERGED from com.google.android.gms:play-services-games:7.5.0:18:5
MERGED from com.google.android.gms:play-services-base:7.5.0:18:5
MERGED from com.android.support:support-v4:22.0.0:20:5
MERGED from com.google.android.gms:play-services-drive:7.5.0:18:5
MERGED from com.google.android.gms:play-services-base:7.5.0:18:5
MERGED from com.android.support:support-v4:22.0.0:20:5
MERGED from com.google.android.gms:play-services-gcm:7.5.0:18:5
MERGED from com.google.android.gms:play-services-base:7.5.0:18:5
MERGED from com.android.support:support-v4:22.0.0:20:5
MERGED from com.google.android.gms:play-services-identity:7.5.0:18:5
MERGED from com.google.android.gms:play-services-base:7.5.0:18:5
MERGED from com.android.support:support-v4:22.0.0:20:5
MERGED from com.google.android.gms:play-services-location:7.5.0:18:5
MERGED from com.google.android.gms:play-services-base:7.5.0:18:5
MERGED from com.android.support:support-v4:22.0.0:20:5
MERGED from com.google.android.gms:play-services-maps:7.5.0:28:5
MERGED from com.google.android.gms:play-services-base:7.5.0:18:5
MERGED from com.android.support:support-v4:22.0.0:20:5
MERGED from com.google.android.gms:play-services-maps:7.5.0:28:5
MERGED from com.google.android.gms:play-services-base:7.5.0:18:5
MERGED from com.android.support:support-v4:22.0.0:20:5
MERGED from com.google.android.gms:play-services-nearby:7.5.0:18:5
MERGED from com.google.android.gms:play-services-base:7.5.0:18:5
MERGED from com.android.support:support-v4:22.0.0:20:5
MERGED from com.google.android.gms:play-services-panorama:7.5.0:18:5
MERGED from com.google.android.gms:play-services-base:7.5.0:18:5
MERGED from com.android.support:support-v4:22.0.0:20:5
MERGED from com.google.android.gms:play-services-plus:7.5.0:18:5
MERGED from com.google.android.gms:play-services-base:7.5.0:18:5
MERGED from com.android.support:support-v4:22.0.0:20:5
MERGED from com.google.android.gms:play-services-safetynet:7.5.0:18:5
MERGED from com.google.android.gms:play-services-base:7.5.0:18:5
MERGED from com.android.support:support-v4:22.0.0:20:5
MERGED from com.google.android.gms:play-services-wallet:7.5.0:19:5
MERGED from com.google.android.gms:play-services-base:7.5.0:18:5
MERGED from com.android.support:support-v4:22.0.0:20:5
MERGED from com.google.android.gms:play-services-identity:7.5.0:18:5
MERGED from com.google.android.gms:play-services-base:7.5.0:18:5
MERGED from com.android.support:support-v4:22.0.0:20:5
MERGED from com.google.android.gms:play-services-maps:7.5.0:28:5
MERGED from com.google.android.gms:play-services-base:7.5.0:18:5
MERGED from com.android.support:support-v4:22.0.0:20:5
MERGED from com.google.android.gms:play-services-wearable:7.5.0:18:5
MERGED from com.google.android.gms:play-services-base:7.5.0:18:5
MERGED from com.android.support:support-v4:22.0.0:20:5
MERGED from com.android.support:support-v4:22.0.0:20:5
MERGED from com.android.support:appcompat-v7:22.0.0:20:5
MERGED from com.android.support:support-v4:22.0.0:20:5
MERGED from com.facebook.android:facebook-android-sdk:4.0.0:24:5
MERGED from com.android.support:support-v4:22.0.0:20:5
	tools:overrideLibrary
		ADDED from AndroidManifest.xml:9:9
	android:targetSdkVersion
		ADDED from AndroidManifest.xml:8:15
		INJECTED from AndroidManifest.xml:0:0
		INJECTED from AndroidManifest.xml:0:0
	android:minSdkVersion
		ADDED from AndroidManifest.xml:8:45
		INJECTED from AndroidManifest.xml:0:0
		INJECTED from AndroidManifest.xml:0:0
supports-screens
ADDED from AndroidManifest.xml:11:5
	android:largeScreens
		ADDED from AndroidManifest.xml:12:9
	android:smallScreens
		ADDED from AndroidManifest.xml:14:9
	android:normalScreens
		ADDED from AndroidManifest.xml:13:9
	android:xlargeScreens
		ADDED from AndroidManifest.xml:15:9
compatible-screens
ADDED from AndroidManifest.xml:17:5
screen#small+ldpi
ADDED from AndroidManifest.xml:19:9
	android:screenDensity
		ADDED from AndroidManifest.xml:20:13
	android:screenSize
		ADDED from AndroidManifest.xml:21:13
screen#small+mdpi
ADDED from AndroidManifest.xml:22:9
	android:screenDensity
		ADDED from AndroidManifest.xml:23:13
	android:screenSize
		ADDED from AndroidManifest.xml:24:13
screen#small+hdpi
ADDED from AndroidManifest.xml:25:9
	android:screenDensity
		ADDED from AndroidManifest.xml:26:13
	android:screenSize
		ADDED from AndroidManifest.xml:27:13
screen#small+xhdpi
ADDED from AndroidManifest.xml:28:9
	android:screenDensity
		ADDED from AndroidManifest.xml:29:13
	android:screenSize
		ADDED from AndroidManifest.xml:30:13
screen#normal+ldpi
ADDED from AndroidManifest.xml:32:9
	android:screenDensity
		ADDED from AndroidManifest.xml:33:13
	android:screenSize
		ADDED from AndroidManifest.xml:34:13
screen#normal+mdpi
ADDED from AndroidManifest.xml:35:9
	android:screenDensity
		ADDED from AndroidManifest.xml:36:13
	android:screenSize
		ADDED from AndroidManifest.xml:37:13
screen#normal+hdpi
ADDED from AndroidManifest.xml:38:9
	android:screenDensity
		ADDED from AndroidManifest.xml:39:13
	android:screenSize
		ADDED from AndroidManifest.xml:40:13
screen#normal+xhdpi
ADDED from AndroidManifest.xml:41:9
	android:screenDensity
		ADDED from AndroidManifest.xml:42:13
	android:screenSize
		ADDED from AndroidManifest.xml:43:13
screen#large+ldpi
ADDED from AndroidManifest.xml:45:9
	android:screenDensity
		ADDED from AndroidManifest.xml:46:13
	android:screenSize
		ADDED from AndroidManifest.xml:47:13
screen#large+mdpi
ADDED from AndroidManifest.xml:48:9
	android:screenDensity
		ADDED from AndroidManifest.xml:49:13
	android:screenSize
		ADDED from AndroidManifest.xml:50:13
screen#large+hdpi
ADDED from AndroidManifest.xml:51:9
	android:screenDensity
		ADDED from AndroidManifest.xml:52:13
	android:screenSize
		ADDED from AndroidManifest.xml:53:13
screen#large+xhdpi
ADDED from AndroidManifest.xml:54:9
	android:screenDensity
		ADDED from AndroidManifest.xml:55:13
	android:screenSize
		ADDED from AndroidManifest.xml:56:13
screen#xlarge+ldpi
ADDED from AndroidManifest.xml:58:9
	android:screenDensity
		ADDED from AndroidManifest.xml:59:13
	android:screenSize
		ADDED from AndroidManifest.xml:60:13
screen#xlarge+mdpi
ADDED from AndroidManifest.xml:61:9
	android:screenDensity
		ADDED from AndroidManifest.xml:62:13
	android:screenSize
		ADDED from AndroidManifest.xml:63:13
screen#xlarge+hdpi
ADDED from AndroidManifest.xml:64:9
	android:screenDensity
		ADDED from AndroidManifest.xml:65:13
	android:screenSize
		ADDED from AndroidManifest.xml:66:13
screen#xlarge+xhdpi
ADDED from AndroidManifest.xml:67:9
	android:screenDensity
		ADDED from AndroidManifest.xml:68:13
	android:screenSize
		ADDED from AndroidManifest.xml:69:13
screen#large+213
ADDED from AndroidManifest.xml:72:9
	android:screenDensity
		ADDED from AndroidManifest.xml:73:13
	android:screenSize
		ADDED from AndroidManifest.xml:74:13
screen#large+480
ADDED from AndroidManifest.xml:77:9
	android:screenDensity
		ADDED from AndroidManifest.xml:78:13
	android:screenSize
		ADDED from AndroidManifest.xml:79:13
screen#normal+480
ADDED from AndroidManifest.xml:80:9
	android:screenDensity
		ADDED from AndroidManifest.xml:81:13
	android:screenSize
		ADDED from AndroidManifest.xml:82:13
uses-permission#android.permission.INTERNET
ADDED from AndroidManifest.xml:85:5
MERGED from com.google.android.gms:play-services-ads:7.5.0:20:5
MERGED from com.google.android.gms:play-services-analytics:7.5.0:21:5
MERGED from com.google.android.gms:play-services-analytics:7.5.0:21:5
MERGED from com.google.android.gms:play-services-appinvite:7.5.0:19:5
MERGED from com.google.android.gms:play-services-maps:7.5.0:21:5
MERGED from com.google.android.gms:play-services-maps:7.5.0:21:5
MERGED from com.google.android.gms:play-services-maps:7.5.0:21:5
MERGED from com.google.android.gms:play-services-wallet:7.5.0:20:5
MERGED from com.google.android.gms:play-services-maps:7.5.0:21:5
	android:name
		ADDED from AndroidManifest.xml:85:22
uses-permission#android.permission.CALL_PHONE
ADDED from AndroidManifest.xml:86:5
	android:name
		ADDED from AndroidManifest.xml:86:22
uses-permission#android.permission.WRITE_CONTACTS
ADDED from AndroidManifest.xml:87:5
	android:name
		ADDED from AndroidManifest.xml:87:22
uses-permission#android.permission.ACCESS_NETWORK_STATE
ADDED from AndroidManifest.xml:88:5
MERGED from com.google.android.gms:play-services-ads:7.5.0:21:5
MERGED from com.google.android.gms:play-services-analytics:7.5.0:22:5
MERGED from com.google.android.gms:play-services-analytics:7.5.0:22:5
MERGED from com.google.android.gms:play-services-maps:7.5.0:20:5
MERGED from com.google.android.gms:play-services-maps:7.5.0:20:5
MERGED from com.google.android.gms:play-services-maps:7.5.0:20:5
MERGED from com.google.android.gms:play-services-nearby:7.5.0:19:5
MERGED from com.google.android.gms:play-services-maps:7.5.0:20:5
	android:name
		ADDED from AndroidManifest.xml:88:22
uses-permission#android.permission.READ_PHONE_STATE
ADDED from AndroidManifest.xml:89:5
	android:name
		ADDED from AndroidManifest.xml:89:22
uses-permission#android.permission.WRITE_EXTERNAL_STORAGE
ADDED from AndroidManifest.xml:90:5
MERGED from com.google.android.gms:play-services-maps:7.5.0:22:5
MERGED from com.google.android.gms:play-services-maps:7.5.0:22:5
MERGED from com.google.android.gms:play-services-maps:7.5.0:22:5
MERGED from com.google.android.gms:play-services-maps:7.5.0:22:5
	android:name
		ADDED from AndroidManifest.xml:90:22
uses-permission#android.permission.ACCESS_FINE_LOCATION
ADDED from AndroidManifest.xml:91:5
	android:name
		ADDED from AndroidManifest.xml:91:22
uses-permission#android.permission.ACCESS_GPS
ADDED from AndroidManifest.xml:92:5
	android:name
		ADDED from AndroidManifest.xml:92:22
uses-permission#android.permission.ACCESS_LOCATION
ADDED from AndroidManifest.xml:93:5
	android:name
		ADDED from AndroidManifest.xml:93:22
uses-permission#android.permission.ACCESS_ASSISTED_GPS
ADDED from AndroidManifest.xml:94:5
	android:name
		ADDED from AndroidManifest.xml:94:22
uses-permission#android.permission.ACCESS_COARSE_LOCATION
ADDED from AndroidManifest.xml:95:5
MERGED from com.google.android.gms:play-services-maps:7.5.0:23:5
MERGED from com.google.android.gms:play-services-maps:7.5.0:23:5
MERGED from com.google.android.gms:play-services-maps:7.5.0:23:5
MERGED from com.google.android.gms:play-services-maps:7.5.0:23:5
	android:name
		ADDED from AndroidManifest.xml:95:22
uses-permission#com.google.android.c2dm.permission.RECEIVE
ADDED from AndroidManifest.xml:96:5
	android:name
		ADDED from AndroidManifest.xml:96:22
uses-permission#android.permission.GET_ACCOUNTS
ADDED from AndroidManifest.xml:97:5
MERGED from com.google.android.gms:play-services-wallet:7.5.0:21:5
	android:name
		ADDED from AndroidManifest.xml:97:22
uses-permission#android.permission.WAKE_LOCK
ADDED from AndroidManifest.xml:98:5
	android:name
		ADDED from AndroidManifest.xml:98:22
uses-permission#android.permission.BLUETOOTH
ADDED from AndroidManifest.xml:99:5
	android:name
		ADDED from AndroidManifest.xml:99:22
uses-permission#directorio.actividades.permission.C2D_MESSAGE
ADDED from AndroidManifest.xml:101:5
	android:name
		ADDED from AndroidManifest.xml:101:22
permission#directorio.actividades.permission.C2D_MESSAGE
ADDED from AndroidManifest.xml:102:5
	android:protectionLevel
		ADDED from AndroidManifest.xml:102:79
	android:name
		ADDED from AndroidManifest.xml:102:18
uses-permission#android.permission.C2D_MESSAGE
ADDED from AndroidManifest.xml:103:5
	android:name
		ADDED from AndroidManifest.xml:103:22
uses-feature#android.hardware.telephony
ADDED from AndroidManifest.xml:105:5
	android:required
		ADDED from AndroidManifest.xml:107:9
	android:name
		ADDED from AndroidManifest.xml:106:9
uses-feature#android.hardware.location.gps
ADDED from AndroidManifest.xml:108:5
	android:required
		ADDED from AndroidManifest.xml:110:9
	android:name
		ADDED from AndroidManifest.xml:109:9
uses-feature#android.hardware.location
ADDED from AndroidManifest.xml:111:5
	android:required
		ADDED from AndroidManifest.xml:113:9
	android:name
		ADDED from AndroidManifest.xml:112:9
uses-feature#android.hardware.camera
ADDED from AndroidManifest.xml:114:5
	android:required
		ADDED from AndroidManifest.xml:116:9
	android:name
		ADDED from AndroidManifest.xml:115:9
application
ADDED from AndroidManifest.xml:119:5
MERGED from com.google.android.gms:play-services:7.5.0:19:5
MERGED from com.google.android.gms:play-services-ads:7.5.0:24:5
MERGED from com.google.android.gms:play-services-base:7.5.0:20:5
MERGED from com.android.support:support-v4:22.0.0:22:5
MERGED from com.google.android.gms:play-services-analytics:7.5.0:24:5
MERGED from com.google.android.gms:play-services-base:7.5.0:20:5
MERGED from com.android.support:support-v4:22.0.0:22:5
MERGED from com.google.android.gms:play-services-analytics:7.5.0:24:5
MERGED from com.google.android.gms:play-services-base:7.5.0:20:5
MERGED from com.android.support:support-v4:22.0.0:22:5
MERGED from com.google.android.gms:play-services-appindexing:7.5.0:19:5
MERGED from com.google.android.gms:play-services-base:7.5.0:20:5
MERGED from com.android.support:support-v4:22.0.0:22:5
MERGED from com.google.android.gms:play-services-appinvite:7.5.0:20:5
MERGED from com.google.android.gms:play-services-base:7.5.0:20:5
MERGED from com.android.support:support-v4:22.0.0:22:5
MERGED from com.google.android.gms:play-services-appstate:7.5.0:19:5
MERGED from com.google.android.gms:play-services-base:7.5.0:20:5
MERGED from com.android.support:support-v4:22.0.0:22:5
MERGED from com.google.android.gms:play-services-base:7.5.0:20:5
MERGED from com.android.support:support-v4:22.0.0:22:5
MERGED from com.google.android.gms:play-services-cast:7.5.0:19:5
MERGED from com.google.android.gms:play-services-base:7.5.0:20:5
MERGED from com.android.support:support-v4:22.0.0:22:5
MERGED from com.android.support:mediarouter-v7:22.0.0:22:5
MERGED from com.android.support:appcompat-v7:22.0.0:22:5
MERGED from com.android.support:support-v4:22.0.0:22:5
MERGED from com.google.android.gms:play-services-drive:7.5.0:19:5
MERGED from com.google.android.gms:play-services-base:7.5.0:20:5
MERGED from com.android.support:support-v4:22.0.0:22:5
MERGED from com.google.android.gms:play-services-fitness:7.5.0:19:5
MERGED from com.google.android.gms:play-services-base:7.5.0:20:5
MERGED from com.android.support:support-v4:22.0.0:22:5
MERGED from com.google.android.gms:play-services-location:7.5.0:19:5
MERGED from com.google.android.gms:play-services-base:7.5.0:20:5
MERGED from com.android.support:support-v4:22.0.0:22:5
MERGED from com.google.android.gms:play-services-maps:7.5.0:29:5
MERGED from com.google.android.gms:play-services-base:7.5.0:20:5
MERGED from com.android.support:support-v4:22.0.0:22:5
MERGED from com.google.android.gms:play-services-games:7.5.0:19:5
MERGED from com.google.android.gms:play-services-base:7.5.0:20:5
MERGED from com.android.support:support-v4:22.0.0:22:5
MERGED from com.google.android.gms:play-services-drive:7.5.0:19:5
MERGED from com.google.android.gms:play-services-base:7.5.0:20:5
MERGED from com.android.support:support-v4:22.0.0:22:5
MERGED from com.google.android.gms:play-services-gcm:7.5.0:19:5
MERGED from com.google.android.gms:play-services-base:7.5.0:20:5
MERGED from com.android.support:support-v4:22.0.0:22:5
MERGED from com.google.android.gms:play-services-identity:7.5.0:19:5
MERGED from com.google.android.gms:play-services-base:7.5.0:20:5
MERGED from com.android.support:support-v4:22.0.0:22:5
MERGED from com.google.android.gms:play-services-location:7.5.0:19:5
MERGED from com.google.android.gms:play-services-base:7.5.0:20:5
MERGED from com.android.support:support-v4:22.0.0:22:5
MERGED from com.google.android.gms:play-services-maps:7.5.0:29:5
MERGED from com.google.android.gms:play-services-base:7.5.0:20:5
MERGED from com.android.support:support-v4:22.0.0:22:5
MERGED from com.google.android.gms:play-services-maps:7.5.0:29:5
MERGED from com.google.android.gms:play-services-base:7.5.0:20:5
MERGED from com.android.support:support-v4:22.0.0:22:5
MERGED from com.google.android.gms:play-services-nearby:7.5.0:20:5
MERGED from com.google.android.gms:play-services-base:7.5.0:20:5
MERGED from com.android.support:support-v4:22.0.0:22:5
MERGED from com.google.android.gms:play-services-panorama:7.5.0:19:5
MERGED from com.google.android.gms:play-services-base:7.5.0:20:5
MERGED from com.android.support:support-v4:22.0.0:22:5
MERGED from com.google.android.gms:play-services-plus:7.5.0:19:5
MERGED from com.google.android.gms:play-services-base:7.5.0:20:5
MERGED from com.android.support:support-v4:22.0.0:22:5
MERGED from com.google.android.gms:play-services-safetynet:7.5.0:19:5
MERGED from com.google.android.gms:play-services-base:7.5.0:20:5
MERGED from com.android.support:support-v4:22.0.0:22:5
MERGED from com.google.android.gms:play-services-wallet:7.5.0:24:5
MERGED from com.google.android.gms:play-services-base:7.5.0:20:5
MERGED from com.android.support:support-v4:22.0.0:22:5
MERGED from com.google.android.gms:play-services-identity:7.5.0:19:5
MERGED from com.google.android.gms:play-services-base:7.5.0:20:5
MERGED from com.android.support:support-v4:22.0.0:22:5
MERGED from com.google.android.gms:play-services-maps:7.5.0:29:5
MERGED from com.google.android.gms:play-services-base:7.5.0:20:5
MERGED from com.android.support:support-v4:22.0.0:22:5
MERGED from com.google.android.gms:play-services-wearable:7.5.0:19:5
MERGED from com.google.android.gms:play-services-base:7.5.0:20:5
MERGED from com.android.support:support-v4:22.0.0:22:5
MERGED from com.android.support:support-v4:22.0.0:22:5
MERGED from com.android.support:appcompat-v7:22.0.0:22:5
MERGED from com.android.support:support-v4:22.0.0:22:5
MERGED from com.facebook.android:facebook-android-sdk:4.0.0:28:5
MERGED from com.android.support:support-v4:22.0.0:22:5
	android:label
		ADDED from AndroidManifest.xml:123:9
	android:allowBackup
		ADDED from AndroidManifest.xml:121:9
	android:icon
		ADDED from AndroidManifest.xml:122:9
	android:largeHeap
		ADDED from AndroidManifest.xml:124:9
	android:theme
		ADDED from AndroidManifest.xml:125:9
	android:name
		ADDED from AndroidManifest.xml:120:9
meta-data#com.facebook.sdk.ApplicationId
ADDED from AndroidManifest.xml:137:9
	android:value
		ADDED from AndroidManifest.xml:137:66
	android:name
		ADDED from AndroidManifest.xml:137:20
provider#com.facebook.FacebookContentProvider
ADDED from AndroidManifest.xml:139:9
	android:authorities
		ADDED from AndroidManifest.xml:139:19
	android:exported
		ADDED from AndroidManifest.xml:141:13
	android:name
		ADDED from AndroidManifest.xml:140:13
activity#directorio.actividades.PaisActivity
ADDED from AndroidManifest.xml:143:9
	android:label
		ADDED from AndroidManifest.xml:145:13
	android:name
		ADDED from AndroidManifest.xml:144:13
activity#com.facebook.FacebookActivity
ADDED from AndroidManifest.xml:148:9
	android:label
		ADDED from AndroidManifest.xml:152:13
	android:configChanges
		ADDED from AndroidManifest.xml:149:13
	android:theme
		ADDED from AndroidManifest.xml:151:13
	android:name
		ADDED from AndroidManifest.xml:148:19
activity#directorio.actividades.Anunciate
ADDED from AndroidManifest.xml:154:9
	android:name
		ADDED from AndroidManifest.xml:154:19
activity#directorio.actividades.Franquicias
ADDED from AndroidManifest.xml:156:9
	android:label
		ADDED from AndroidManifest.xml:158:13
	android:name
		ADDED from AndroidManifest.xml:157:13
activity#directorio.actividades.Cupones
ADDED from AndroidManifest.xml:160:9
	android:label
		ADDED from AndroidManifest.xml:162:13
	android:name
		ADDED from AndroidManifest.xml:161:13
activity#directorio.actividades.Comparte
ADDED from AndroidManifest.xml:164:9
	android:label
		ADDED from AndroidManifest.xml:166:13
	android:name
		ADDED from AndroidManifest.xml:165:13
activity#directorio.actividades.CuponesRegistro
ADDED from AndroidManifest.xml:168:9
	android:label
		ADDED from AndroidManifest.xml:170:13
	android:name
		ADDED from AndroidManifest.xml:169:13
activity#directorio.actividades.CuponLogin
ADDED from AndroidManifest.xml:172:9
	android:label
		ADDED from AndroidManifest.xml:174:13
	android:name
		ADDED from AndroidManifest.xml:173:13
activity#directorio.actividades.CuponesLista
ADDED from AndroidManifest.xml:176:9
	android:label
		ADDED from AndroidManifest.xml:178:13
	android:name
		ADDED from AndroidManifest.xml:177:13
activity#directorio.actividades.CuponesClub
ADDED from AndroidManifest.xml:180:9
	android:label
		ADDED from AndroidManifest.xml:182:13
	android:name
		ADDED from AndroidManifest.xml:181:13
activity#directorio.actividades.CuponesClubLista
ADDED from AndroidManifest.xml:184:9
	android:label
		ADDED from AndroidManifest.xml:186:13
	android:name
		ADDED from AndroidManifest.xml:185:13
activity#directorio.actividades.CuponClubLogin
ADDED from AndroidManifest.xml:188:9
	android:label
		ADDED from AndroidManifest.xml:190:13
	android:name
		ADDED from AndroidManifest.xml:189:13
activity#directorio.actividades.ShowAdvertiser
ADDED from AndroidManifest.xml:192:9
	android:label
		ADDED from AndroidManifest.xml:194:13
	android:name
		ADDED from AndroidManifest.xml:193:13
activity#directorio.actividades.GalleryView
ADDED from AndroidManifest.xml:196:9
	android:label
		ADDED from AndroidManifest.xml:198:13
	android:name
		ADDED from AndroidManifest.xml:197:13
activity#directorio.actividades.Favoritos
ADDED from AndroidManifest.xml:200:9
	android:label
		ADDED from AndroidManifest.xml:202:13
	android:name
		ADDED from AndroidManifest.xml:201:13
activity#directorio.actividades.Search
ADDED from AndroidManifest.xml:204:9
	android:label
		ADDED from AndroidManifest.xml:206:13
	android:name
		ADDED from AndroidManifest.xml:205:13
activity#directorio.actividades.ShowSearch
ADDED from AndroidManifest.xml:208:9
	android:label
		ADDED from AndroidManifest.xml:210:13
	android:name
		ADDED from AndroidManifest.xml:209:13
activity#directorio.actividades.AcercaDe
ADDED from AndroidManifest.xml:212:9
	android:label
		ADDED from AndroidManifest.xml:214:13
	android:name
		ADDED from AndroidManifest.xml:213:13
activity#directorio.actividades.Categorias
ADDED from AndroidManifest.xml:216:9
	android:label
		ADDED from AndroidManifest.xml:218:13
	android:name
		ADDED from AndroidManifest.xml:217:13
activity#directorio.actividades.ShowCategorias
ADDED from AndroidManifest.xml:220:9
	android:label
		ADDED from AndroidManifest.xml:222:13
	android:name
		ADDED from AndroidManifest.xml:221:13
activity#directorio.actividades.MainCategories
ADDED from AndroidManifest.xml:224:9
	android:label
		ADDED from AndroidManifest.xml:226:13
	android:name
		ADDED from AndroidManifest.xml:225:13
activity#directorio.actividades.InfoClub
ADDED from AndroidManifest.xml:228:9
	android:label
		ADDED from AndroidManifest.xml:230:13
	android:name
		ADDED from AndroidManifest.xml:229:13
activity#directorio.actividades.CuponesAdv
ADDED from AndroidManifest.xml:232:9
	android:label
		ADDED from AndroidManifest.xml:234:13
	android:name
		ADDED from AndroidManifest.xml:233:13
activity#directorio.actividades.Preferences
ADDED from AndroidManifest.xml:236:9
	android:label
		ADDED from AndroidManifest.xml:238:13
	android:name
		ADDED from AndroidManifest.xml:237:13
activity#directorio.actividades.NoNetworkActivity
ADDED from AndroidManifest.xml:240:9
	android:label
		ADDED from AndroidManifest.xml:242:13
	android:name
		ADDED from AndroidManifest.xml:241:13
activity#directorio.actividades.Portada
ADDED from AndroidManifest.xml:244:9
	android:label
		ADDED from AndroidManifest.xml:244:43
	android:noHistory
		ADDED from AndroidManifest.xml:244:75
	android:theme
		ADDED from AndroidManifest.xml:244:100
	android:name
		ADDED from AndroidManifest.xml:244:19
activity#directorio.actividades.Splash
ADDED from AndroidManifest.xml:245:9
	android:screenOrientation
		ADDED from AndroidManifest.xml:245:103
	android:noHistory
		ADDED from AndroidManifest.xml:245:42
	android:theme
		ADDED from AndroidManifest.xml:245:67
	android:name
		ADDED from AndroidManifest.xml:245:19
intent-filter#android.intent.action.MAIN+android.intent.category.LAUNCHER
ADDED from AndroidManifest.xml:246:13
action#android.intent.action.MAIN
ADDED from AndroidManifest.xml:247:17
	android:name
		ADDED from AndroidManifest.xml:247:25
category#android.intent.category.LAUNCHER
ADDED from AndroidManifest.xml:248:17
	android:name
		ADDED from AndroidManifest.xml:248:27
receiver#directorio.actividades.GcmBroadcastReceiver
ADDED from AndroidManifest.xml:251:9
	android:permission
		ADDED from AndroidManifest.xml:253:13
	android:name
		ADDED from AndroidManifest.xml:252:13
intent-filter#com.google.android.c2dm.intent.RECEIVE+com.google.android.c2dm.intent.REGISTRATION+directorio.actividades
ADDED from AndroidManifest.xml:254:13
action#com.google.android.c2dm.intent.RECEIVE
ADDED from AndroidManifest.xml:255:17
	android:name
		ADDED from AndroidManifest.xml:255:25
action#com.google.android.c2dm.intent.REGISTRATION
ADDED from AndroidManifest.xml:256:17
	android:name
		ADDED from AndroidManifest.xml:256:25
category#directorio.actividades
ADDED from AndroidManifest.xml:257:17
	android:name
		ADDED from AndroidManifest.xml:257:27
service#directorio.actividades.GcmIntentService
ADDED from AndroidManifest.xml:260:9
	android:name
		ADDED from AndroidManifest.xml:260:18
service#directorio.servicios.RegisterDevice
ADDED from AndroidManifest.xml:261:9
	android:name
		ADDED from AndroidManifest.xml:261:18
activity#com.google.android.gms.ads.AdActivity
ADDED from com.google.android.gms:play-services-ads:7.5.0:26:9
	android:configChanges
		ADDED from com.google.android.gms:play-services-ads:7.5.0:28:13
	android:theme
		ADDED from com.google.android.gms:play-services-ads:7.5.0:29:13
	android:name
		ADDED from com.google.android.gms:play-services-ads:7.5.0:27:13
activity#com.google.android.gms.ads.purchase.InAppPurchaseActivity
ADDED from com.google.android.gms:play-services-ads:7.5.0:30:9
	android:theme
		ADDED from com.google.android.gms:play-services-ads:7.5.0:31:13
	android:name
		ADDED from com.google.android.gms:play-services-ads:7.5.0:30:19
meta-data#com.google.android.gms.version
ADDED from com.google.android.gms:play-services-base:7.5.0:21:9
MERGED from com.google.android.gms:play-services-base:7.5.0:21:9
MERGED from com.google.android.gms:play-services-base:7.5.0:21:9
MERGED from com.google.android.gms:play-services-base:7.5.0:21:9
MERGED from com.google.android.gms:play-services-base:7.5.0:21:9
MERGED from com.google.android.gms:play-services-base:7.5.0:21:9
MERGED from com.google.android.gms:play-services-base:7.5.0:21:9
MERGED from com.google.android.gms:play-services-base:7.5.0:21:9
MERGED from com.google.android.gms:play-services-base:7.5.0:21:9
MERGED from com.google.android.gms:play-services-base:7.5.0:21:9
MERGED from com.google.android.gms:play-services-base:7.5.0:21:9
MERGED from com.google.android.gms:play-services-base:7.5.0:21:9
MERGED from com.google.android.gms:play-services-base:7.5.0:21:9
MERGED from com.google.android.gms:play-services-base:7.5.0:21:9